<?xml version="1.0" encoding="UTF-8"?>
<testng-results ignored="0" total="1" passed="1" failed="0" skipped="0">
  <reporter-output>
    <line>
      <![CDATA[<br>teststeppass::Sucessfully validated the login page</br>]]>
    </line>
    <line>
      <![CDATA[<b>teststeppass::Sucessfully validated the Booking button</br>]]>
    </line>
    <line>
      <![CDATA[<b>teststeppass::Sucessfully validated the paid Booking button</br>]]>
    </line>
    <line>
      <![CDATA[<b>teststeppass::Sucessfully validated the Booking page</br>]]>
    </line>
    <line>
      <![CDATA[<b>teststeppass::Sucessfully validated the delete customer Booking button</br>]]>
    </line>
    <line>
      <![CDATA[<b>teststeppass::Sucessfully validated the delete customer button</br>]]>
    </line>
    <line>
      <![CDATA[<b>teststeppass::Sucessfully validated the Booking page</br>]]>
    </line>
    <line>
      <![CDATA[<b>teststeppass::Sucessfully validated the Booking page</br>]]>
    </line>
    <line>
      <![CDATA[<b>teststeppass::Sucessfully validated the pending Booking page with count updated in dashboard</br>]]>
    </line>
    <line>
      <![CDATA[<br>teststeppass::Sucessfully validated the website page</br>]]>
    </line>
  </reporter-output>
  <suite started-at="2023-02-08T04:12:00 IST" name="Default suite" finished-at="2023-02-08T04:13:42 IST" duration-ms="102457">
    <groups>
    </groups>
    <test started-at="2023-02-08T04:12:00 IST" name="Default test" finished-at="2023-02-08T04:13:42 IST" duration-ms="102457">
      <class name="com.tcs.phptravels.scripts.SecondMainclass3">
        <test-method is-config="true" signature="onsetup()[pri:0, instance:com.tcs.phptravels.scripts.SecondMainclass3@d706f19]" started-at="2023-02-08T04:12:00 IST" name="onsetup" finished-at="2023-02-08T04:12:34 IST" duration-ms="34887" status="PASS">
          <reporter-output>
          </reporter-output>
        </test-method> <!-- onsetup -->
        <test-method signature="f(java.lang.String, java.lang.String)[pri:0, instance:com.tcs.phptravels.scripts.SecondMainclass3@d706f19]" started-at="2023-02-08T04:12:35 IST" name="f" data-provider="credentials" finished-at="2023-02-08T04:13:42 IST" duration-ms="67295" status="PASS">
          <params>
            <param index="0">
              <value>
                <![CDATA[admin@phptravels.com]]>
              </value>
            </param>
            <param index="1">
              <value>
                <![CDATA[demoadmin]]>
              </value>
            </param>
          </params>
          <reporter-output>
            <line>
              <![CDATA[<br>teststeppass::Sucessfully validated the login page</br>]]>
            </line>
            <line>
              <![CDATA[<b>teststeppass::Sucessfully validated the Booking button</br>]]>
            </line>
            <line>
              <![CDATA[<b>teststeppass::Sucessfully validated the paid Booking button</br>]]>
            </line>
            <line>
              <![CDATA[<b>teststeppass::Sucessfully validated the Booking page</br>]]>
            </line>
            <line>
              <![CDATA[<b>teststeppass::Sucessfully validated the delete customer Booking button</br>]]>
            </line>
            <line>
              <![CDATA[<b>teststeppass::Sucessfully validated the delete customer button</br>]]>
            </line>
            <line>
              <![CDATA[<b>teststeppass::Sucessfully validated the Booking page</br>]]>
            </line>
            <line>
              <![CDATA[<b>teststeppass::Sucessfully validated the Booking page</br>]]>
            </line>
            <line>
              <![CDATA[<b>teststeppass::Sucessfully validated the pending Booking page with count updated in dashboard</br>]]>
            </line>
            <line>
              <![CDATA[<br>teststeppass::Sucessfully validated the website page</br>]]>
            </line>
          </reporter-output>
        </test-method> <!-- f -->
        <test-method is-config="true" signature="exit()[pri:0, instance:com.tcs.phptravels.scripts.SecondMainclass3@d706f19]" started-at="2023-02-08T04:13:42 IST" name="exit" finished-at="2023-02-08T04:13:42 IST" duration-ms="122" status="PASS">
          <reporter-output>
          </reporter-output>
        </test-method> <!-- exit -->
      </class> <!-- com.tcs.phptravels.scripts.SecondMainclass3 -->
    </test> <!-- Default test -->
  </suite> <!-- Default suite -->
</testng-results>
