<?xml version="1.0" encoding="UTF-8"?>
<testng-results ignored="0" total="1" passed="1" failed="0" skipped="0">
  <reporter-output>
    <line>
      <![CDATA[<br>teststeppass::Sucessfully validated the login page</br>]]>
    </line>
    <line>
      <![CDATA[<br>teststepfail::Failed validating the Booking page</br>]]>
    </line>
    <line>
      <![CDATA[<b>teststeppass::Sucessfully validated the Booking page</br>]]>
    </line>
    <line>
      <![CDATA[<br>teststeppass::Text validated successfully</br>]]>
    </line>
    <line>
      <![CDATA[<br>teststeppass::Text validated successfully</br>]]>
    </line>
    <line>
      <![CDATA[<br>teststeppass::Sucessfully validated the Tours page</br>]]>
    </line>
  </reporter-output>
  <suite started-at="2023-02-08T04:16:52 IST" name="Default suite" finished-at="2023-02-08T04:18:27 IST" duration-ms="95088">
    <groups>
    </groups>
    <test started-at="2023-02-08T04:16:52 IST" name="Default test" finished-at="2023-02-08T04:18:27 IST" duration-ms="95088">
      <class name="com.tcs.phptravels.scripts.SecondMainclass4">
        <test-method is-config="true" signature="onsetup()[pri:0, instance:com.tcs.phptravels.scripts.SecondMainclass4@d706f19]" started-at="2023-02-08T04:16:52 IST" name="onsetup" finished-at="2023-02-08T04:17:23 IST" duration-ms="31655" status="PASS">
          <reporter-output>
          </reporter-output>
        </test-method> <!-- onsetup -->
        <test-method signature="f(java.lang.String, java.lang.String)[pri:0, instance:com.tcs.phptravels.scripts.SecondMainclass4@d706f19]" started-at="2023-02-08T04:17:23 IST" name="f" data-provider="credentials" finished-at="2023-02-08T04:18:26 IST" duration-ms="63071" status="PASS">
          <params>
            <param index="0">
              <value>
                <![CDATA[supplier@phptravels.com]]>
              </value>
            </param>
            <param index="1">
              <value>
                <![CDATA[demosupplier]]>
              </value>
            </param>
          </params>
          <reporter-output>
            <line>
              <![CDATA[<br>teststeppass::Sucessfully validated the login page</br>]]>
            </line>
            <line>
              <![CDATA[<br>teststepfail::Failed validating the Booking page</br>]]>
            </line>
            <line>
              <![CDATA[<b>teststeppass::Sucessfully validated the Booking page</br>]]>
            </line>
            <line>
              <![CDATA[<br>teststeppass::Text validated successfully</br>]]>
            </line>
            <line>
              <![CDATA[<br>teststeppass::Text validated successfully</br>]]>
            </line>
            <line>
              <![CDATA[<br>teststeppass::Sucessfully validated the Tours page</br>]]>
            </line>
          </reporter-output>
        </test-method> <!-- f -->
        <test-method is-config="true" signature="exit()[pri:0, instance:com.tcs.phptravels.scripts.SecondMainclass4@d706f19]" started-at="2023-02-08T04:18:26 IST" name="exit" finished-at="2023-02-08T04:18:27 IST" duration-ms="204" status="PASS">
          <reporter-output>
          </reporter-output>
        </test-method> <!-- exit -->
      </class> <!-- com.tcs.phptravels.scripts.SecondMainclass4 -->
    </test> <!-- Default test -->
  </suite> <!-- Default suite -->
</testng-results>
